<?xml version="1.0" encoding="UTF-8"?>
<testsuites>
  <testsuite name="tests/Unit" tests="3" assertions="5" errors="0" failures="0" skipped="0" time="0.007367">
    <testsuite name="App\Tests\Unit\Entity\UsersTest" file="/Volumes/Samsung_T5/GitHub/_ComponentsWebApp/components-web-app/api/tests/Unit/Entity/UsersTest.php" tests="3" assertions="5" errors="0" failures="0" skipped="0" time="0.007367">
      <testcase name="test_instanciate_user" class="App\Tests\Unit\Entity\UsersTest" classname="App.Tests.Unit.Entity.UsersTest" file="/Volumes/Samsung_T5/GitHub/_ComponentsWebApp/components-web-app/api/tests/Unit/Entity/UsersTest.php" line="21" assertions="1" time="0.005389"/>
      <testcase name="test_construct" class="App\Tests\Unit\Entity\UsersTest" classname="App.Tests.Unit.Entity.UsersTest" file="/Volumes/Samsung_T5/GitHub/_ComponentsWebApp/components-web-app/api/tests/Unit/Entity/UsersTest.php" line="27" assertions="2" time="0.001460"/>
      <testcase name="test_set_username" class="App\Tests\Unit\Entity\UsersTest" classname="App.Tests.Unit.Entity.UsersTest" file="/Volumes/Samsung_T5/GitHub/_ComponentsWebApp/components-web-app/api/tests/Unit/Entity/UsersTest.php" line="34" assertions="2" time="0.000518"/>
    </testsuite>
  </testsuite>
</testsuites>
